<?xml version="1.0" encoding="UTF-8"?>
<!-- Generated by org.testng.reporters.JUnitReportReporter -->
<testsuite skipped="0" hostname="DESKTOP-O18UQ4I" name="com.crm.qa.testcases.LoginPageTest" tests="1" failures="0" timestamp="11 Nov 2021 19:29:33 GMT" time="6.397" errors="0">
  <testcase name="loginTest" time="6.397" classname="com.crm.qa.testcases.LoginPageTest"/>
</testsuite> <!-- com.crm.qa.testcases.LoginPageTest -->
