<?xml version="1.0" encoding="UTF-8"?>
<!-- Generated by org.testng.reporters.JUnitReportReporter -->
<testsuite skipped="0" hostname="DESKTOP-O18UQ4I" name="sampleTest" tests="1" failures="0" timestamp="01 Nov 2021 21:21:38 GMT" time="7.401" errors="0">
  <testcase name="login" time="7.401" classname="sampleTest"/>
</testsuite> <!-- sampleTest -->
