<?xml version="1.0" encoding="UTF-8"?>
<!-- Generated by org.testng.reporters.JUnitReportReporter -->
<testsuite skipped="0" hostname="DESKTOP-O18UQ4I" name="com.crm.qa.testcases.HomePageTest" tests="6" failures="0" timestamp="11 Nov 2021 19:43:35 GMT" time="35.349" errors="0">
  <testcase name="verifyTitleTest" time="5.123" classname="com.crm.qa.testcases.HomePageTest"/>
  <testcase name="clickOnHomeTest" time="6.148" classname="com.crm.qa.testcases.HomePageTest"/>
  <testcase name="clickOnCalenderTest" time="5.894" classname="com.crm.qa.testcases.HomePageTest"/>
  <testcase name="clickOnCompaniesTest" time="6.225" classname="com.crm.qa.testcases.HomePageTest"/>
  <testcase name="clickOnContactsTest" time="5.806" classname="com.crm.qa.testcases.HomePageTest"/>
  <testcase name="clickOnDealsTest" time="6.153" classname="com.crm.qa.testcases.HomePageTest"/>
</testsuite> <!-- com.crm.qa.testcases.HomePageTest -->
